c:\users\yashr\onedrive\desktop\pokemon backup\pokemon\pokemon\x64\debug\vc143.pdb
c:\users\yashr\onedrive\desktop\pokemon backup\pokemon\pokemon\x64\debug\vc143.idb
c:\users\yashr\onedrive\desktop\pokemon backup\pokemon\pokemon\x64\debug\utility.obj
c:\users\yashr\onedrive\desktop\pokemon backup\pokemon\pokemon\x64\debug\pokemon.obj
c:\users\yashr\onedrive\desktop\pokemon backup\pokemon\pokemon\x64\debug\player.obj
c:\users\yashr\onedrive\desktop\pokemon backup\pokemon\pokemon\x64\debug\main.obj
c:\users\yashr\onedrive\desktop\pokemon backup\pokemon\x64\debug\pokemon.exe
c:\users\yashr\onedrive\desktop\pokemon backup\pokemon\x64\debug\pokemon.pdb
c:\users\yashr\onedrive\desktop\pokemon backup\pokemon\pokemon\x64\debug\pokemon.ilk
c:\users\yashr\onedrive\desktop\new folder\pokemon1\pokemon\x64\debug\main.obj
c:\users\yashr\onedrive\desktop\new folder\pokemon1\pokemon\x64\debug\player.obj
c:\users\yashr\onedrive\desktop\new folder\pokemon1\pokemon\x64\debug\pokemon.obj
c:\users\yashr\onedrive\desktop\new folder\pokemon1\pokemon\x64\debug\utility.obj
c:\users\yashr\onedrive\desktop\new folder\pokemon1\pokemon\x64\debug\pokemon.ilk
c:\users\yashr\onedrive\desktop\new folder\pokemon1\pokemon\x64\debug\vc143.idb
c:\users\yashr\onedrive\desktop\new folder\pokemon1\pokemon\x64\debug\vc143.pdb
c:\users\yashr\onedrive\desktop\new folder\pokemon1\x64\debug\pokemon.pdb
c:\users\yashr\onedrive\desktop\new folder\pokemon1\x64\debug\pokemon.exe
c:\users\yashr\onedrive\desktop\new folder\pokemon1\x64\debug\pokemon.ilk
c:\users\yashr\onedrive\desktop\new folder\pokemon1\pokemon\x64\debug\pokemon.tlog\cl.command.1.tlog
c:\users\yashr\onedrive\desktop\new folder\pokemon1\pokemon\x64\debug\pokemon.tlog\cl.items.tlog
c:\users\yashr\onedrive\desktop\new folder\pokemon1\pokemon\x64\debug\pokemon.tlog\cl.read.1.tlog
c:\users\yashr\onedrive\desktop\new folder\pokemon1\pokemon\x64\debug\pokemon.tlog\cl.write.1.tlog
c:\users\yashr\onedrive\desktop\new folder\pokemon1\pokemon\x64\debug\pokemon.tlog\link.command.1.tlog
c:\users\yashr\onedrive\desktop\new folder\pokemon1\pokemon\x64\debug\pokemon.tlog\link.read.1.tlog
c:\users\yashr\onedrive\desktop\new folder\pokemon1\pokemon\x64\debug\pokemon.tlog\link.secondary.1.tlog
c:\users\yashr\onedrive\desktop\new folder\pokemon1\pokemon\x64\debug\pokemon.tlog\link.write.1.tlog
